/*C1*/SET SCHEMA SYSTEM_LOBS
INSERT INTO BLOCKS VALUES(0,2147483647,0)
COMMIT
/*C2*/SET SCHEMA PUBLIC
DISCONNECT
/*C5*/SET SCHEMA PUBLIC
 DROP TABLE IF EXISTS student
DISCONNECT
/*C6*/SET SCHEMA PUBLIC
 DROP TABLE IF EXISTS student
 CREATE TABLE student (\u000a STUDENT_ID INTEGER NOT NULL,\u000a STUDENT_NAME VARCHAR(10) NOT NULL,\u000a STUDENT_AGE VARCHAR(20) NOT NULL,\u000a PRIMARY KEY (STUDENT_ID)\u000a )\u000a
DISCONNECT
/*C4*/SET SCHEMA PUBLIC
DISCONNECT
/*C3*/SET SCHEMA PUBLIC
DISCONNECT
/*C7*/SET SCHEMA PUBLIC
DISCONNECT
/*C9*/SET SCHEMA PUBLIC
DISCONNECT
/*C10*/SET SCHEMA PUBLIC
DISCONNECT
/*C11*/SET SCHEMA PUBLIC
DISCONNECT
/*C12*/SET SCHEMA PUBLIC
DISCONNECT
